<?xml version="1.0" encoding="UTF-8"?>
<!-- Generated by org.testng.reporters.JUnitReportReporter -->
<testsuite hostname="DESKTOP-077G3EM" failures="0" tests="1" name="com.RingPay.TestScripts.RingPayTestScripts" time="201.901" errors="0" timestamp="2023-04-24T11:12:34 IST" skipped="0">
  <testcase classname="com.RingPay.TestScripts.RingPayTestScripts" name="addAddresFlow" time="201.901"/>
  <system-out/>
</testsuite> <!-- com.RingPay.TestScripts.RingPayTestScripts -->
